2024-07-31T01:50:40.044Z P:9068 T:11248] SyncServiceImpl::Initialize,SyncState after the account was authenticated: NotSignedIn
2024-07-31T01:50:42.685Z P:9068 T:932] SyncManagerImpl::ConfigureSyncer,Types to download: Encryption Keys
2024-07-31T01:50:50.820Z P:9068 T:11248] ModelLoadManager::Configure,Desired: Device Info, User Consents, Send Tab To Self, Encryption Keys preferred: Device Info, User Consents, Send Tab To Self, Encryption Keys
2024-07-31T01:50:50.820Z P:9068 T:11248] ModelLoadManager::LoadDesiredTypes,Desired: Device Info, User Consents, Send Tab To Self
2024-07-31T01:50:50.821Z P:9068 T:11248] ModelLoadManager::ModelLoadCallback,Load Device Info: success
2024-07-31T01:50:50.821Z P:9068 T:11248] ModelLoadManager::ModelLoadCallback,Load User Consents: success
2024-07-31T01:50:50.821Z P:9068 T:11248] ModelLoadManager::ModelLoadCallback,Load Send Tab To Self: success
2024-07-31T01:50:50.821Z P:9068 T:11248] ModelLoadManager::NotifyDelegateIfReadyForConfigure,All data types are ready for configuration
2024-07-31T01:50:50.821Z P:9068 T:11248] DataTypeManagerImpl::OnAllDataTypesReadyForConfigure,All data types are ready for configuration
2024-07-31T01:50:50.821Z P:9068 T:11248] DataTypeManagerImpl::StartNextConfiguration,Size: 3 front: Encryption Keys
2024-07-31T01:50:50.821Z P:9068 T:11248] DataTypeManagerImpl::PrepareConfigureParams,Add types: 
2024-07-31T01:50:53.846Z P:9068 T:8500] SyncManagerImpl::ConfigureSyncer,Types to download: 
2024-07-31T01:50:53.848Z P:9068 T:11248] DataTypeManagerImpl::ConfigurationCompleted,Reconfigure
2024-07-31T01:50:53.848Z P:9068 T:11248] ModelLoadManager::Configure,Desired: Device Info, User Consents, Send Tab To Self, Encryption Keys preferred: Device Info, User Consents, Send Tab To Self, Encryption Keys
2024-07-31T01:50:53.848Z P:9068 T:11248] ModelLoadManager::LoadDesiredTypes,Desired: Device Info, User Consents, Send Tab To Self
2024-07-31T01:50:53.848Z P:9068 T:11248] ModelLoadManager::NotifyDelegateIfReadyForConfigure,All data types are ready for configuration
2024-07-31T01:50:53.848Z P:9068 T:11248] DataTypeManagerImpl::OnAllDataTypesReadyForConfigure,All data types are ready for configuration
2024-07-31T01:50:53.848Z P:9068 T:11248] DataTypeManagerImpl::StartNextConfiguration,Size: 3 front: Encryption Keys
2024-07-31T01:50:53.848Z P:9068 T:11248] DataTypeManagerImpl::PrepareConfigureParams,Add types: 
2024-07-31T01:50:53.849Z P:9068 T:8500] SyncManagerImpl::ConfigureSyncer,Types to download: 
2024-07-31T01:50:53.849Z P:9068 T:11248] DataTypeManagerImpl::ConfigurationCompleted,Left: 2
2024-07-31T01:50:53.849Z P:9068 T:11248] DataTypeManagerImpl::StartNextConfiguration,Size: 2 front: Device Info, Send Tab To Self
2024-07-31T01:50:53.849Z P:9068 T:11248] DataTypeManagerImpl::PrepareConfigureParams,Add types: Device Info, Send Tab To Self, Encryption Keys
2024-07-31T01:50:53.849Z P:9068 T:8500] SyncManagerImpl::ConfigureSyncer,Types to download: Device Info, Send Tab To Self, Encryption Keys
2024-07-31T01:50:54.114Z P:9068 T:11248] DataTypeManagerImpl::ConfigurationCompleted,Left: 1
2024-07-31T01:50:54.115Z P:9068 T:11248] DataTypeManagerImpl::StartNextConfiguration,Size: 1 front: User Consents
2024-07-31T01:50:54.115Z P:9068 T:11248] DataTypeManagerImpl::PrepareConfigureParams,Add types: 
2024-07-31T01:50:54.115Z P:9068 T:8500] SyncManagerImpl::ConfigureSyncer,Types to download: 
2024-07-31T01:50:54.116Z P:9068 T:11248] DataTypeManagerImpl::ConfigurationCompleted,Left: 0
2024-07-31T01:50:54.767Z P:9068 T:8500] Commit::PostAndProcessResponse,Encryption Keys: Success
2024-07-31T01:50:55.201Z P:9068 T:8500] Commit::PostAndProcessResponse,Device Info: Success
2024-07-31T01:50:55.201Z P:9068 T:8500] Commit::PostAndProcessResponse,User Consents: Success
